<?xml version="1.0" encoding="UTF-8"?>
<testsuite xmlns:xsi="http://www.w3.org/2001/XMLSchema-instance" xsi:noNamespaceSchemaLocation="https://maven.apache.org/surefire/maven-surefire-plugin/xsd/surefire-test-report.xsd" version="3.0.2" name="TestSuite" time="8.529" tests="4" errors="0" skipped="0" failures="0">
  <properties>
[...]
</properties>
  <testcase name="testPostUser" classname="api.test.UserTest" time="4.48">
    <system-out><![CDATA[HTTP/1.1 201 Created
Date: Fri, 25 Jul 2025 08:14:35 GMT
Content-Type: application/json; charset=utf-8
Content-Length: 98
Connection: keep-alive
CF-RAY: 964a3459ee147f3a-MAA
Access-Control-Allow-Origin: *
Etag: W/"62-ZRYURwfjuEWBM2bT9nramAJJ0T4"
Nel: {"report_to":"heroku-nel","response_headers":["Via"],"max_age":3600,"success_fraction":0.01,"failure_fraction":0.1}
Ratelimit-Limit: 100
Ratelimit-Policy: 100;w=60
Ratelimit-Remaining: 98
Ratelimit-Reset: 60
Referrer-Policy: strict-origin-when-cross-origin
Report-To: {"group":"heroku-nel","endpoints":[{"url":"https://nel.heroku.com/reports?s=9JqYdt4ZA%2FJkIMz5c8loOjSyOf2RZVLcGnpklqSLqOQ%3D\u0026sid=c4c9725f-1ab0-44d8-820f-430df2718e11\u0026ts=1753431275"}],"max_age":3600}
Reporting-Endpoints: heroku-nel="https://nel.heroku.com/reports?s=9JqYdt4ZA%2FJkIMz5c8loOjSyOf2RZVLcGnpklqSLqOQ%3D&sid=c4c9725f-1ab0-44d8-820f-430df2718e11&ts=1753431275"
Via: 1.1 heroku-router
X-Content-Type-Options: nosniff
X-Frame-Options: DENY
X-Request-Id: 60abc955-384f-9e27-f2dc-f9f8e141e932
X-Xss-Protection: 1; mode=block
cf-cache-status: DYNAMIC
Server: cloudflare
server-timing: cfL4;desc="?proto=TCP&rtt=54885&min_rtt=54885&rtt_var=27442&sent=7&recv=7&lost=0&retrans=1&sent_bytes=3492&recv_bytes=937&delivery_rate=23776&cwnd=252&unsent_bytes=0&cid=ef4b407be621f924&ts=836&x=0"

{
    "name": "Kimberlee",
    "job": "Future IT Developer",
    "id": "659",
    "createdAt": "2025-07-25T08:14:35.007Z"
}
659
]]></system-out>
    <system-err><![CDATA[log4j:WARN No appenders could be found for logger (org.apache.http.impl.conn.BasicClientConnectionManager).
log4j:WARN Please initialize the log4j system properly.
log4j:WARN See http://logging.apache.org/log4j/1.2/faq.html#noconfig for more info.
]]></system-err>
  </testcase>
  <testcase name="testGetUser" classname="api.test.UserTest" time="0.316">
    <system-out><![CDATA[HTTP/1.1 200 OK
Date: Fri, 25 Jul 2025 08:14:36 GMT
Content-Type: application/json; charset=utf-8
Transfer-Encoding: chunked
Connection: keep-alive
Content-Encoding: gzip
Access-Control-Allow-Origin: *
etag: W/"152-ApQgGHL6RKwaebFlrPCYPBO1xHg"
Nel: {"report_to":"heroku-nel","response_headers":["Via"],"max_age":3600,"success_fraction":0.01,"failure_fraction":0.1}
Ratelimit-Limit: 100
Ratelimit-Policy: 100;w=60
Ratelimit-Remaining: 98
Ratelimit-Reset: 60
Referrer-Policy: strict-origin-when-cross-origin
Report-To: {"group":"heroku-nel","endpoints":[{"url":"https://nel.heroku.com/reports?s=FPL39%2FlSbO7atEX6HElw3ZSji5ociDFVMkBdCqjq4As%3D\u0026sid=c4c9725f-1ab0-44d8-820f-430df2718e11\u0026ts=1753412656"}],"max_age":3600}
Reporting-Endpoints: heroku-nel="https://nel.heroku.com/reports?s=FPL39%2FlSbO7atEX6HElw3ZSji5ociDFVMkBdCqjq4As%3D&sid=c4c9725f-1ab0-44d8-820f-430df2718e11&ts=1753412656"
Via: 1.1 heroku-router
X-Content-Type-Options: nosniff
X-Frame-Options: DENY
X-Request-Id: a4142bc7-f3a0-c128-e717-21b0187390b6
X-Xss-Protection: 1; mode=block
Age: 4133
Cache-Control: max-age=14400
cf-cache-status: HIT
Vary: Accept-Encoding
Server: cloudflare
CF-RAY: 964a34658b21c87a-MAA
server-timing: cfL4;desc="?proto=TCP&rtt=44925&min_rtt=44511&rtt_var=16988&sent=5&recv=6&lost=0&retrans=0&sent_bytes=3107&recv_bytes=773&delivery_rate=91662&cwnd=252&unsent_bytes=0&cid=2dab2214d1cb5a18&ts=89&x=0"

{
    "data": {
        "id": 2,
        "email": "janet.weaver@reqres.in",
        "first_name": "Janet",
        "last_name": "Weaver",
        "avatar": "https://reqres.in/img/faces/2-image.jpg"
    },
    "support": {
        "url": "https://contentcaddy.io?utm_source=reqres&utm_medium=json&utm_campaign=referral",
        "text": "Tired of writing endless social media content? Let Content Caddy generate it for you."
    }
}
]]></system-out>
  </testcase>
  <testcase name="testUpdateUser" classname="api.test.UserTest" time="0.685">
    <system-out><![CDATA[HTTP/1.1 200 OK
Date: Fri, 25 Jul 2025 08:14:37 GMT
Content-Type: application/json; charset=utf-8
Transfer-Encoding: chunked
Connection: keep-alive
Content-Encoding: gzip
Access-Control-Allow-Origin: *
Etag: W/"51-R6c4ajvFpIjcoKx67vIzOvlhhog"
Nel: {"report_to":"heroku-nel","response_headers":["Via"],"max_age":3600,"success_fraction":0.01,"failure_fraction":0.1}
Ratelimit-Limit: 100
Ratelimit-Policy: 100;w=60
Ratelimit-Remaining: 96
Ratelimit-Reset: 59
Referrer-Policy: strict-origin-when-cross-origin
Report-To: {"group":"heroku-nel","endpoints":[{"url":"https://nel.heroku.com/reports?s=b9ETKgjpN5A9u0Cs4DppkVmxtakYaok5lR%2B9mU7ClDw%3D\u0026sid=c4c9725f-1ab0-44d8-820f-430df2718e11\u0026ts=1753431276"}],"max_age":3600}
Reporting-Endpoints: heroku-nel="https://nel.heroku.com/reports?s=b9ETKgjpN5A9u0Cs4DppkVmxtakYaok5lR%2B9mU7ClDw%3D&sid=c4c9725f-1ab0-44d8-820f-430df2718e11&ts=1753431276"
Via: 1.1 heroku-router
X-Content-Type-Options: nosniff
X-Frame-Options: DENY
X-Request-Id: 5363ebb5-b8b8-c01a-a23b-5862533c5474
X-Xss-Protection: 1; mode=block
cf-cache-status: DYNAMIC
Vary: Accept-Encoding
Server: cloudflare
CF-RAY: 964a346708b67efd-MAA
server-timing: cfL4;desc="?proto=TCP&rtt=50480&min_rtt=50047&rtt_var=19635&sent=5&recv=6&lost=0&retrans=0&sent_bytes=3107&recv_bytes=932&delivery_rate=76238&cwnd=252&unsent_bytes=0&cid=981f4aa6134cecd5&ts=428&x=0"

{
    "name": "Donte Orn",
    "job": "Senior Tester",
    "updatedAt": "2025-07-25T08:14:36.918Z"
}
]]></system-out>
  </testcase>
  <testcase name="testDeleteUser" classname="api.test.UserTest" time="0.722">
    <system-out><![CDATA[HTTP/1.1 204 No Content
Date: Fri, 25 Jul 2025 08:14:37 GMT
Connection: keep-alive
CF-RAY: 964a346b1c6c8016-MAA
Access-Control-Allow-Origin: *
Etag: W/"2-vyGp6PvFo4RvsFtPoIWeCReyIC8"
Nel: {"report_to":"heroku-nel","response_headers":["Via"],"max_age":3600,"success_fraction":0.01,"failure_fraction":0.1}
Ratelimit-Limit: 100
Ratelimit-Policy: 100;w=60
Ratelimit-Remaining: 94
Ratelimit-Reset: 58
Referrer-Policy: strict-origin-when-cross-origin
Report-To: {"group":"heroku-nel","endpoints":[{"url":"https://nel.heroku.com/reports?s=uA7j40DGafNV6XmIU%2BEjGkYmdYxVmwSyFcXlmJ%2Bt9ws%3D\u0026sid=c4c9725f-1ab0-44d8-820f-430df2718e11\u0026ts=1753431277"}],"max_age":3600}
Reporting-Endpoints: heroku-nel="https://nel.heroku.com/reports?s=uA7j40DGafNV6XmIU%2BEjGkYmdYxVmwSyFcXlmJ%2Bt9ws%3D&sid=c4c9725f-1ab0-44d8-820f-430df2718e11&ts=1753431277"
Via: 1.1 heroku-router
X-Content-Type-Options: nosniff
X-Frame-Options: DENY
X-Request-Id: 30488786-9e30-581a-7d12-57100a66a1ec
X-Xss-Protection: 1; mode=block
cf-cache-status: DYNAMIC
Server: cloudflare
server-timing: cfL4;desc="?proto=TCP&rtt=40390&min_rtt=39993&rtt_var=15792&sent=5&recv=6&lost=0&retrans=0&sent_bytes=3106&recv_bytes=776&delivery_rate=94503&cwnd=252&unsent_bytes=0&cid=0f05a62ab3d2cbd3&ts=404&x=0"
]]></system-out>
  </testcase>
</testsuite>