<?xml version="1.0" encoding="UTF-8"?>
<testng-results ignored="0" total="4" passed="4" failed="0" skipped="0">
  <reporter-output>
  </reporter-output>
  <suite started-at="2025-07-25T12:38:41 IST" name="PetSuite" finished-at="2025-07-25T12:38:47 IST" duration-ms="5971">
    <groups>
    </groups>
    <test started-at="2025-07-25T12:38:41 IST" name="PetTest" finished-at="2025-07-25T12:38:47 IST" duration-ms="5971">
      <class name="api.test.UserTest">
        <test-method is-config="true" signature="setup()[pri:0, instance:api.test.UserTest@4b7e96a]" started-at="2025-07-25T12:38:42 IST" name="setup" finished-at="2025-07-25T12:38:42 IST" duration-ms="217" status="PASS">
          <reporter-output>
          </reporter-output>
        </test-method> <!-- setup -->
        <test-method signature="testPostUser()[pri:1, instance:api.test.UserTest@4b7e96a]" started-at="2025-07-25T12:38:42 IST" name="testPostUser" finished-at="2025-07-25T12:38:46 IST" duration-ms="3822" status="PASS">
          <reporter-output>
          </reporter-output>
        </test-method> <!-- testPostUser -->
        <test-method signature="testGetUser()[pri:2, instance:api.test.UserTest@4b7e96a]" started-at="2025-07-25T12:38:46 IST" name="testGetUser" finished-at="2025-07-25T12:38:46 IST" duration-ms="234" status="PASS">
          <reporter-output>
          </reporter-output>
        </test-method> <!-- testGetUser -->
        <test-method signature="testUpdateUser()[pri:3, instance:api.test.UserTest@4b7e96a]" started-at="2025-07-25T12:38:46 IST" name="testUpdateUser" finished-at="2025-07-25T12:38:47 IST" duration-ms="681" status="PASS">
          <reporter-output>
          </reporter-output>
        </test-method> <!-- testUpdateUser -->
        <test-method signature="testDeleteUser()[pri:4, instance:api.test.UserTest@4b7e96a]" started-at="2025-07-25T12:38:47 IST" name="testDeleteUser" finished-at="2025-07-25T12:38:47 IST" duration-ms="695" status="PASS">
          <reporter-output>
          </reporter-output>
        </test-method> <!-- testDeleteUser -->
      </class> <!-- api.test.UserTest -->
    </test> <!-- PetTest -->
  </suite> <!-- PetSuite -->
</testng-results>
