<?xml version="1.0" encoding="UTF-8"?>
<!-- Generated by org.testng.reporters.JUnitXMLReporter -->
<testsuite ignored="0" hostname="MonikaYuvaraj" failures="0" tests="4" name="PetTest" time="5.971" errors="0" timestamp="2025-07-25T12:38:48 IST">
  <testcase classname="api.test.UserTest" name="testPostUser" time="3.822"/>
  <testcase classname="api.test.UserTest" name="testGetUser" time="0.234"/>
  <testcase classname="api.test.UserTest" name="testUpdateUser" time="0.681"/>
  <testcase classname="api.test.UserTest" name="testDeleteUser" time="0.695"/>
</testsuite> <!-- PetTest -->
